17/12/2023 -- 12:55:28 - <Notice> - This is Suricata version 6.0.8 RELEASE running in SYSTEM mode
17/12/2023 -- 12:55:28 - <Info> - CPUs/cores online: 2
17/12/2023 -- 12:55:28 - <Warning> - [ERRCODE: SC_ERR_CONF_YAML_ERROR(242)] - App-Layer protocol sip enable status not set, so enabling by default. This behavior will change in Suricata 7, so please update your config. See ticket #4744 for more details.
17/12/2023 -- 12:55:28 - <Warning> - [ERRCODE: SC_ERR_CONF_YAML_ERROR(242)] - App-Layer protocol mqtt enable status not set, so enabling by default. This behavior will change in Suricata 7, so please update your config. See ticket #4744 for more details.
17/12/2023 -- 12:55:28 - <Warning> - [ERRCODE: SC_ERR_CONF_YAML_ERROR(242)] - App-Layer protocol rdp enable status not set, so enabling by default. This behavior will change in Suricata 7, so please update your config. See ticket #4744 for more details.
17/12/2023 -- 12:55:28 - <Info> - Found an MTU of 1500 for 'br-32d3bb03b8fe'
17/12/2023 -- 12:55:28 - <Info> - Found an MTU of 1500 for 'br-32d3bb03b8fe'
17/12/2023 -- 12:55:28 - <Info> - Shortening device name to: br-3..b8fe
17/12/2023 -- 12:55:28 - <Info> - dropped the caps for main thread
17/12/2023 -- 12:55:28 - <Info> - fast output device (regular) initialized: fast.log
17/12/2023 -- 12:55:28 - <Info> - eve-log output device (regular) initialized: eve.json
17/12/2023 -- 12:55:28 - <Info> - stats output device (regular) initialized: stats.log
17/12/2023 -- 12:55:28 - <Info> - Running in live mode, activating unix socket
17/12/2023 -- 12:55:56 - <Info> - 1 rule files processed. 28253 rules successfully loaded, 0 rules failed
17/12/2023 -- 12:55:57 - <Info> - Threshold config parsed: 0 rule(s) found
17/12/2023 -- 12:55:58 - <Info> - 28256 signatures processed. 1231 are IP-only rules, 5153 are inspecting packet payload, 21668 inspect application layer, 108 are decoder event only
17/12/2023 -- 12:56:47 - <Info> - Going to use 2 thread(s)
17/12/2023 -- 12:56:47 - <Info> - Running in live mode, activating unix socket
17/12/2023 -- 12:56:47 - <Info> - Using unix socket file '/var/run/suricata/suricata-command.socket'
17/12/2023 -- 12:56:47 - <Notice> - all 2 packet processing threads, 4 management threads initialized, engine started.
17/12/2023 -- 12:56:47 - <Info> - All AFP capture threads are running.
17/12/2023 -- 13:00:00 - <Notice> - Signal Received.  Stopping engine.
17/12/2023 -- 13:00:00 - <Info> - time elapsed 193.619s
17/12/2023 -- 13:00:01 - <Info> - Alerts: 9
17/12/2023 -- 13:00:02 - <Info> - cleaning up signature grouping structure... complete
17/12/2023 -- 13:00:02 - <Notice> - Stats for 'br-32d3bb03b8fe':  pkts: 29797, drop: 0 (0.00%), invalid chksum: 0
17/12/2023 -- 13:18:07 - <Notice> - This is Suricata version 6.0.8 RELEASE running in SYSTEM mode
17/12/2023 -- 13:18:07 - <Info> - CPUs/cores online: 2
17/12/2023 -- 13:18:07 - <Warning> - [ERRCODE: SC_ERR_CONF_YAML_ERROR(242)] - App-Layer protocol sip enable status not set, so enabling by default. This behavior will change in Suricata 7, so please update your config. See ticket #4744 for more details.
17/12/2023 -- 13:18:07 - <Warning> - [ERRCODE: SC_ERR_CONF_YAML_ERROR(242)] - App-Layer protocol mqtt enable status not set, so enabling by default. This behavior will change in Suricata 7, so please update your config. See ticket #4744 for more details.
17/12/2023 -- 13:18:07 - <Warning> - [ERRCODE: SC_ERR_CONF_YAML_ERROR(242)] - App-Layer protocol rdp enable status not set, so enabling by default. This behavior will change in Suricata 7, so please update your config. See ticket #4744 for more details.
17/12/2023 -- 13:18:07 - <Info> - Found an MTU of 1500 for 'br-32d3bb03b8fe'
17/12/2023 -- 13:18:07 - <Info> - Found an MTU of 1500 for 'br-32d3bb03b8fe'
17/12/2023 -- 13:18:07 - <Info> - Shortening device name to: br-3..b8fe
17/12/2023 -- 13:18:07 - <Info> - dropped the caps for main thread
17/12/2023 -- 13:18:07 - <Info> - fast output device (regular) initialized: fast.log
17/12/2023 -- 13:18:07 - <Info> - eve-log output device (regular) initialized: eve.json
17/12/2023 -- 13:18:07 - <Info> - stats output device (regular) initialized: stats.log
17/12/2023 -- 13:18:07 - <Info> - Running in live mode, activating unix socket
17/12/2023 -- 13:18:32 - <Info> - 1 rule files processed. 28253 rules successfully loaded, 0 rules failed
17/12/2023 -- 13:18:32 - <Info> - Threshold config parsed: 0 rule(s) found
17/12/2023 -- 13:18:33 - <Info> - 28256 signatures processed. 1231 are IP-only rules, 5153 are inspecting packet payload, 21668 inspect application layer, 108 are decoder event only
17/12/2023 -- 13:19:21 - <Info> - Going to use 2 thread(s)
17/12/2023 -- 13:19:21 - <Info> - Running in live mode, activating unix socket
17/12/2023 -- 13:19:21 - <Info> - Using unix socket file '/var/run/suricata/suricata-command.socket'
17/12/2023 -- 13:19:21 - <Notice> - all 2 packet processing threads, 4 management threads initialized, engine started.
17/12/2023 -- 13:19:21 - <Info> - All AFP capture threads are running.
17/12/2023 -- 13:54:35 - <Notice> - Signal Received.  Stopping engine.
17/12/2023 -- 13:54:36 - <Info> - time elapsed 2114.907s
17/12/2023 -- 13:54:37 - <Info> - Alerts: 65
17/12/2023 -- 13:54:38 - <Info> - cleaning up signature grouping structure... complete
17/12/2023 -- 13:54:38 - <Notice> - Stats for 'br-32d3bb03b8fe':  pkts: 324440, drop: 0 (0.00%), invalid chksum: 0
17/12/2023 -- 14:20:29 - <Notice> - This is Suricata version 6.0.8 RELEASE running in SYSTEM mode
17/12/2023 -- 14:20:29 - <Info> - CPUs/cores online: 2
17/12/2023 -- 14:20:29 - <Warning> - [ERRCODE: SC_ERR_CONF_YAML_ERROR(242)] - App-Layer protocol sip enable status not set, so enabling by default. This behavior will change in Suricata 7, so please update your config. See ticket #4744 for more details.
17/12/2023 -- 14:20:29 - <Warning> - [ERRCODE: SC_ERR_CONF_YAML_ERROR(242)] - App-Layer protocol mqtt enable status not set, so enabling by default. This behavior will change in Suricata 7, so please update your config. See ticket #4744 for more details.
17/12/2023 -- 14:20:29 - <Warning> - [ERRCODE: SC_ERR_CONF_YAML_ERROR(242)] - App-Layer protocol rdp enable status not set, so enabling by default. This behavior will change in Suricata 7, so please update your config. See ticket #4744 for more details.
17/12/2023 -- 14:20:30 - <Info> - Found an MTU of 1500 for 'br-32d3bb03b8fe'
17/12/2023 -- 14:20:30 - <Info> - Found an MTU of 1500 for 'br-32d3bb03b8fe'
17/12/2023 -- 14:20:30 - <Info> - Shortening device name to: br-3..b8fe
17/12/2023 -- 14:20:30 - <Info> - dropped the caps for main thread
17/12/2023 -- 14:20:30 - <Info> - fast output device (regular) initialized: fast.log
17/12/2023 -- 14:20:30 - <Info> - eve-log output device (regular) initialized: eve.json
17/12/2023 -- 14:20:30 - <Info> - stats output device (regular) initialized: stats.log
17/12/2023 -- 14:20:30 - <Info> - Running in live mode, activating unix socket
17/12/2023 -- 14:20:58 - <Info> - 1 rule files processed. 28253 rules successfully loaded, 0 rules failed
17/12/2023 -- 14:20:58 - <Info> - Threshold config parsed: 0 rule(s) found
17/12/2023 -- 14:20:59 - <Info> - 28256 signatures processed. 1231 are IP-only rules, 5153 are inspecting packet payload, 21668 inspect application layer, 108 are decoder event only
17/12/2023 -- 14:21:47 - <Info> - Going to use 2 thread(s)
17/12/2023 -- 14:21:47 - <Info> - Running in live mode, activating unix socket
17/12/2023 -- 14:21:47 - <Info> - Using unix socket file '/var/run/suricata/suricata-command.socket'
17/12/2023 -- 14:21:47 - <Notice> - all 2 packet processing threads, 4 management threads initialized, engine started.
17/12/2023 -- 14:21:47 - <Info> - All AFP capture threads are running.
17/12/2023 -- 14:24:59 - <Notice> - Signal Received.  Stopping engine.
17/12/2023 -- 14:25:01 - <Info> - time elapsed 194.769s
17/12/2023 -- 14:25:03 - <Info> - Alerts: 17
17/12/2023 -- 14:25:04 - <Info> - cleaning up signature grouping structure... complete
17/12/2023 -- 14:25:04 - <Notice> - Stats for 'br-32d3bb03b8fe':  pkts: 34930, drop: 0 (0.00%), invalid chksum: 0
17/12/2023 -- 14:38:35 - <Notice> - This is Suricata version 6.0.8 RELEASE running in SYSTEM mode
17/12/2023 -- 14:38:35 - <Info> - CPUs/cores online: 2
17/12/2023 -- 14:38:35 - <Warning> - [ERRCODE: SC_ERR_CONF_YAML_ERROR(242)] - App-Layer protocol sip enable status not set, so enabling by default. This behavior will change in Suricata 7, so please update your config. See ticket #4744 for more details.
17/12/2023 -- 14:38:35 - <Warning> - [ERRCODE: SC_ERR_CONF_YAML_ERROR(242)] - App-Layer protocol mqtt enable status not set, so enabling by default. This behavior will change in Suricata 7, so please update your config. See ticket #4744 for more details.
17/12/2023 -- 14:38:35 - <Warning> - [ERRCODE: SC_ERR_CONF_YAML_ERROR(242)] - App-Layer protocol rdp enable status not set, so enabling by default. This behavior will change in Suricata 7, so please update your config. See ticket #4744 for more details.
17/12/2023 -- 14:38:35 - <Info> - Found an MTU of 1500 for 'br-32d3bb03b8fe'
17/12/2023 -- 14:38:35 - <Info> - Found an MTU of 1500 for 'br-32d3bb03b8fe'
17/12/2023 -- 14:38:36 - <Info> - Shortening device name to: br-3..b8fe
17/12/2023 -- 14:38:36 - <Info> - dropped the caps for main thread
17/12/2023 -- 14:38:36 - <Info> - fast output device (regular) initialized: fast.log
17/12/2023 -- 14:38:36 - <Info> - eve-log output device (regular) initialized: eve.json
17/12/2023 -- 14:38:36 - <Info> - stats output device (regular) initialized: stats.log
17/12/2023 -- 14:38:36 - <Info> - Running in live mode, activating unix socket
17/12/2023 -- 14:39:04 - <Info> - 1 rule files processed. 28253 rules successfully loaded, 0 rules failed
17/12/2023 -- 14:39:04 - <Info> - Threshold config parsed: 0 rule(s) found
17/12/2023 -- 14:39:05 - <Info> - 28256 signatures processed. 1231 are IP-only rules, 5153 are inspecting packet payload, 21668 inspect application layer, 108 are decoder event only
17/12/2023 -- 14:54:33 - <Notice> - This is Suricata version 6.0.8 RELEASE running in SYSTEM mode
17/12/2023 -- 14:54:33 - <Info> - CPUs/cores online: 2
17/12/2023 -- 14:54:33 - <Warning> - [ERRCODE: SC_ERR_CONF_YAML_ERROR(242)] - App-Layer protocol sip enable status not set, so enabling by default. This behavior will change in Suricata 7, so please update your config. See ticket #4744 for more details.
17/12/2023 -- 14:54:33 - <Warning> - [ERRCODE: SC_ERR_CONF_YAML_ERROR(242)] - App-Layer protocol mqtt enable status not set, so enabling by default. This behavior will change in Suricata 7, so please update your config. See ticket #4744 for more details.
17/12/2023 -- 14:54:33 - <Warning> - [ERRCODE: SC_ERR_CONF_YAML_ERROR(242)] - App-Layer protocol rdp enable status not set, so enabling by default. This behavior will change in Suricata 7, so please update your config. See ticket #4744 for more details.
17/12/2023 -- 14:54:33 - <Info> - Found an MTU of 1500 for 'br-32d3bb03b8fe'
17/12/2023 -- 14:54:33 - <Info> - Found an MTU of 1500 for 'br-32d3bb03b8fe'
17/12/2023 -- 14:54:33 - <Info> - Shortening device name to: br-3..b8fe
17/12/2023 -- 14:54:34 - <Info> - dropped the caps for main thread
17/12/2023 -- 14:54:34 - <Info> - fast output device (regular) initialized: fast.log
17/12/2023 -- 14:54:34 - <Info> - eve-log output device (regular) initialized: eve.json
17/12/2023 -- 14:54:34 - <Info> - stats output device (regular) initialized: stats.log
17/12/2023 -- 14:54:34 - <Info> - Running in live mode, activating unix socket
17/12/2023 -- 14:55:02 - <Info> - 1 rule files processed. 28253 rules successfully loaded, 0 rules failed
17/12/2023 -- 14:55:03 - <Info> - Threshold config parsed: 0 rule(s) found
17/12/2023 -- 14:55:04 - <Info> - 28256 signatures processed. 1231 are IP-only rules, 5153 are inspecting packet payload, 21668 inspect application layer, 108 are decoder event only
17/12/2023 -- 14:55:56 - <Info> - Going to use 2 thread(s)
17/12/2023 -- 14:55:56 - <Info> - Running in live mode, activating unix socket
17/12/2023 -- 14:55:56 - <Info> - Using unix socket file '/var/run/suricata/suricata-command.socket'
17/12/2023 -- 14:55:56 - <Notice> - all 2 packet processing threads, 4 management threads initialized, engine started.
17/12/2023 -- 14:55:56 - <Info> - All AFP capture threads are running.
17/12/2023 -- 15:02:05 - <Notice> - Signal Received.  Stopping engine.
17/12/2023 -- 15:02:07 - <Info> - time elapsed 371.384s
17/12/2023 -- 15:02:08 - <Info> - Alerts: 53
17/12/2023 -- 15:02:10 - <Info> - cleaning up signature grouping structure... complete
17/12/2023 -- 15:02:10 - <Notice> - Stats for 'br-32d3bb03b8fe':  pkts: 59545, drop: 0 (0.00%), invalid chksum: 0
17/12/2023 -- 15:17:14 - <Notice> - This is Suricata version 6.0.8 RELEASE running in SYSTEM mode
17/12/2023 -- 15:17:14 - <Info> - CPUs/cores online: 2
17/12/2023 -- 15:17:14 - <Warning> - [ERRCODE: SC_ERR_CONF_YAML_ERROR(242)] - App-Layer protocol sip enable status not set, so enabling by default. This behavior will change in Suricata 7, so please update your config. See ticket #4744 for more details.
17/12/2023 -- 15:17:14 - <Warning> - [ERRCODE: SC_ERR_CONF_YAML_ERROR(242)] - App-Layer protocol mqtt enable status not set, so enabling by default. This behavior will change in Suricata 7, so please update your config. See ticket #4744 for more details.
17/12/2023 -- 15:17:14 - <Warning> - [ERRCODE: SC_ERR_CONF_YAML_ERROR(242)] - App-Layer protocol rdp enable status not set, so enabling by default. This behavior will change in Suricata 7, so please update your config. See ticket #4744 for more details.
17/12/2023 -- 15:17:14 - <Info> - Found an MTU of 1500 for 'br-32d3bb03b8fe'
17/12/2023 -- 15:17:14 - <Info> - Found an MTU of 1500 for 'br-32d3bb03b8fe'
17/12/2023 -- 15:17:15 - <Info> - Shortening device name to: br-3..b8fe
17/12/2023 -- 15:17:15 - <Info> - dropped the caps for main thread
17/12/2023 -- 15:17:15 - <Info> - fast output device (regular) initialized: fast.log
17/12/2023 -- 15:17:15 - <Info> - eve-log output device (regular) initialized: eve.json
17/12/2023 -- 15:17:15 - <Info> - stats output device (regular) initialized: stats.log
17/12/2023 -- 15:17:15 - <Info> - Running in live mode, activating unix socket
17/12/2023 -- 15:17:43 - <Info> - 1 rule files processed. 28253 rules successfully loaded, 0 rules failed
17/12/2023 -- 15:17:43 - <Info> - Threshold config parsed: 0 rule(s) found
17/12/2023 -- 15:17:44 - <Info> - 28256 signatures processed. 1231 are IP-only rules, 5153 are inspecting packet payload, 21668 inspect application layer, 108 are decoder event only
17/12/2023 -- 15:18:37 - <Info> - Going to use 2 thread(s)
17/12/2023 -- 15:18:37 - <Info> - Running in live mode, activating unix socket
17/12/2023 -- 15:18:37 - <Info> - Using unix socket file '/var/run/suricata/suricata-command.socket'
17/12/2023 -- 15:18:37 - <Notice> - all 2 packet processing threads, 4 management threads initialized, engine started.
17/12/2023 -- 15:18:38 - <Info> - All AFP capture threads are running.
17/12/2023 -- 15:18:55 - <Notice> - Signal Received.  Stopping engine.
17/12/2023 -- 15:18:56 - <Info> - time elapsed 18.497s
17/12/2023 -- 15:18:57 - <Info> - Alerts: 0
17/12/2023 -- 15:18:59 - <Info> - cleaning up signature grouping structure... complete
17/12/2023 -- 15:18:59 - <Notice> - Stats for 'br-32d3bb03b8fe':  pkts: 3300, drop: 0 (0.00%), invalid chksum: 0
17/12/2023 -- 15:33:48 - <Notice> - This is Suricata version 6.0.8 RELEASE running in SYSTEM mode
17/12/2023 -- 15:33:48 - <Info> - CPUs/cores online: 2
17/12/2023 -- 15:33:48 - <Warning> - [ERRCODE: SC_ERR_CONF_YAML_ERROR(242)] - App-Layer protocol sip enable status not set, so enabling by default. This behavior will change in Suricata 7, so please update your config. See ticket #4744 for more details.
17/12/2023 -- 15:33:48 - <Warning> - [ERRCODE: SC_ERR_CONF_YAML_ERROR(242)] - App-Layer protocol mqtt enable status not set, so enabling by default. This behavior will change in Suricata 7, so please update your config. See ticket #4744 for more details.
17/12/2023 -- 15:33:48 - <Warning> - [ERRCODE: SC_ERR_CONF_YAML_ERROR(242)] - App-Layer protocol rdp enable status not set, so enabling by default. This behavior will change in Suricata 7, so please update your config. See ticket #4744 for more details.
17/12/2023 -- 15:33:49 - <Info> - Found an MTU of 1500 for 'br-32d3bb03b8fe'
17/12/2023 -- 15:33:49 - <Info> - Found an MTU of 1500 for 'br-32d3bb03b8fe'
17/12/2023 -- 15:33:49 - <Info> - Shortening device name to: br-3..b8fe
17/12/2023 -- 15:33:49 - <Info> - dropped the caps for main thread
17/12/2023 -- 15:33:49 - <Info> - fast output device (regular) initialized: fast.log
17/12/2023 -- 15:33:49 - <Info> - eve-log output device (regular) initialized: eve.json
17/12/2023 -- 15:33:49 - <Info> - stats output device (regular) initialized: stats.log
17/12/2023 -- 15:33:49 - <Info> - Running in live mode, activating unix socket
17/12/2023 -- 15:34:20 - <Info> - 1 rule files processed. 28253 rules successfully loaded, 0 rules failed
17/12/2023 -- 15:34:20 - <Info> - Threshold config parsed: 0 rule(s) found
17/12/2023 -- 15:34:21 - <Info> - 28256 signatures processed. 1231 are IP-only rules, 5153 are inspecting packet payload, 21668 inspect application layer, 108 are decoder event only
17/12/2023 -- 15:35:17 - <Info> - Going to use 2 thread(s)
17/12/2023 -- 15:35:17 - <Info> - Running in live mode, activating unix socket
17/12/2023 -- 15:35:17 - <Info> - Using unix socket file '/var/run/suricata/suricata-command.socket'
17/12/2023 -- 15:35:17 - <Notice> - all 2 packet processing threads, 4 management threads initialized, engine started.
17/12/2023 -- 15:35:17 - <Info> - All AFP capture threads are running.
17/12/2023 -- 15:37:56 - <Notice> - Signal Received.  Stopping engine.
17/12/2023 -- 15:37:57 - <Info> - time elapsed 160.767s
17/12/2023 -- 15:37:59 - <Info> - Alerts: 12
17/12/2023 -- 15:38:00 - <Info> - cleaning up signature grouping structure... complete
17/12/2023 -- 15:38:00 - <Notice> - Stats for 'br-32d3bb03b8fe':  pkts: 28481, drop: 0 (0.00%), invalid chksum: 0
17/12/2023 -- 19:15:59 - <Notice> - This is Suricata version 6.0.8 RELEASE running in SYSTEM mode
17/12/2023 -- 19:15:59 - <Info> - CPUs/cores online: 2
17/12/2023 -- 19:15:59 - <Warning> - [ERRCODE: SC_ERR_CONF_YAML_ERROR(242)] - App-Layer protocol sip enable status not set, so enabling by default. This behavior will change in Suricata 7, so please update your config. See ticket #4744 for more details.
17/12/2023 -- 19:15:59 - <Warning> - [ERRCODE: SC_ERR_CONF_YAML_ERROR(242)] - App-Layer protocol mqtt enable status not set, so enabling by default. This behavior will change in Suricata 7, so please update your config. See ticket #4744 for more details.
17/12/2023 -- 19:15:59 - <Warning> - [ERRCODE: SC_ERR_CONF_YAML_ERROR(242)] - App-Layer protocol rdp enable status not set, so enabling by default. This behavior will change in Suricata 7, so please update your config. See ticket #4744 for more details.
17/12/2023 -- 19:15:59 - <Info> - Found an MTU of 1500 for 'br-32d3bb03b8fe'
17/12/2023 -- 19:15:59 - <Info> - Found an MTU of 1500 for 'br-32d3bb03b8fe'
17/12/2023 -- 19:16:00 - <Info> - Shortening device name to: br-3..b8fe
17/12/2023 -- 19:16:00 - <Info> - dropped the caps for main thread
17/12/2023 -- 19:16:00 - <Info> - fast output device (regular) initialized: fast.log
17/12/2023 -- 19:16:00 - <Info> - eve-log output device (regular) initialized: eve.json
17/12/2023 -- 19:16:00 - <Info> - stats output device (regular) initialized: stats.log
17/12/2023 -- 19:16:00 - <Info> - Running in live mode, activating unix socket
17/12/2023 -- 19:16:50 - <Info> - 1 rule files processed. 28253 rules successfully loaded, 0 rules failed
17/12/2023 -- 19:16:50 - <Info> - Threshold config parsed: 0 rule(s) found
17/12/2023 -- 19:16:52 - <Info> - 28256 signatures processed. 1231 are IP-only rules, 5153 are inspecting packet payload, 21668 inspect application layer, 108 are decoder event only
18/12/2023 -- 09:25:32 - <Notice> - This is Suricata version 6.0.8 RELEASE running in SYSTEM mode
18/12/2023 -- 09:25:32 - <Info> - CPUs/cores online: 2
18/12/2023 -- 09:25:32 - <Warning> - [ERRCODE: SC_ERR_CONF_YAML_ERROR(242)] - App-Layer protocol sip enable status not set, so enabling by default. This behavior will change in Suricata 7, so please update your config. See ticket #4744 for more details.
18/12/2023 -- 09:25:32 - <Warning> - [ERRCODE: SC_ERR_CONF_YAML_ERROR(242)] - App-Layer protocol mqtt enable status not set, so enabling by default. This behavior will change in Suricata 7, so please update your config. See ticket #4744 for more details.
18/12/2023 -- 09:25:32 - <Warning> - [ERRCODE: SC_ERR_CONF_YAML_ERROR(242)] - App-Layer protocol rdp enable status not set, so enabling by default. This behavior will change in Suricata 7, so please update your config. See ticket #4744 for more details.
18/12/2023 -- 09:25:32 - <Info> - Found an MTU of 1500 for 'br-32d3bb03b8fe'
18/12/2023 -- 09:25:32 - <Info> - Found an MTU of 1500 for 'br-32d3bb03b8fe'
18/12/2023 -- 09:25:32 - <Info> - Shortening device name to: br-3..b8fe
18/12/2023 -- 09:25:32 - <Info> - dropped the caps for main thread
18/12/2023 -- 09:25:32 - <Info> - fast output device (regular) initialized: fast.log
18/12/2023 -- 09:25:32 - <Info> - eve-log output device (regular) initialized: eve.json
18/12/2023 -- 09:25:32 - <Info> - stats output device (regular) initialized: stats.log
18/12/2023 -- 09:25:32 - <Info> - Running in live mode, activating unix socket
18/12/2023 -- 09:26:01 - <Info> - 1 rule files processed. 28253 rules successfully loaded, 0 rules failed
18/12/2023 -- 09:26:01 - <Info> - Threshold config parsed: 0 rule(s) found
18/12/2023 -- 09:26:02 - <Info> - 28256 signatures processed. 1231 are IP-only rules, 5153 are inspecting packet payload, 21668 inspect application layer, 108 are decoder event only
18/12/2023 -- 09:38:55 - <Notice> - This is Suricata version 6.0.8 RELEASE running in SYSTEM mode
18/12/2023 -- 09:38:55 - <Info> - CPUs/cores online: 2
18/12/2023 -- 09:38:55 - <Warning> - [ERRCODE: SC_ERR_CONF_YAML_ERROR(242)] - App-Layer protocol sip enable status not set, so enabling by default. This behavior will change in Suricata 7, so please update your config. See ticket #4744 for more details.
18/12/2023 -- 09:38:55 - <Warning> - [ERRCODE: SC_ERR_CONF_YAML_ERROR(242)] - App-Layer protocol mqtt enable status not set, so enabling by default. This behavior will change in Suricata 7, so please update your config. See ticket #4744 for more details.
18/12/2023 -- 09:38:55 - <Warning> - [ERRCODE: SC_ERR_CONF_YAML_ERROR(242)] - App-Layer protocol rdp enable status not set, so enabling by default. This behavior will change in Suricata 7, so please update your config. See ticket #4744 for more details.
18/12/2023 -- 09:38:55 - <Info> - Found an MTU of 1500 for 'br-32d3bb03b8fe'
18/12/2023 -- 09:38:55 - <Info> - Found an MTU of 1500 for 'br-32d3bb03b8fe'
18/12/2023 -- 09:38:55 - <Info> - Shortening device name to: br-3..b8fe
18/12/2023 -- 09:38:56 - <Info> - dropped the caps for main thread
18/12/2023 -- 09:38:56 - <Info> - fast output device (regular) initialized: fast.log
18/12/2023 -- 09:38:56 - <Info> - eve-log output device (regular) initialized: eve.json
18/12/2023 -- 09:38:56 - <Info> - stats output device (regular) initialized: stats.log
18/12/2023 -- 09:38:56 - <Info> - Running in live mode, activating unix socket
18/12/2023 -- 09:39:25 - <Info> - 1 rule files processed. 28253 rules successfully loaded, 0 rules failed
18/12/2023 -- 09:39:25 - <Info> - Threshold config parsed: 0 rule(s) found
18/12/2023 -- 09:39:26 - <Info> - 28256 signatures processed. 1231 are IP-only rules, 5153 are inspecting packet payload, 21668 inspect application layer, 108 are decoder event only
18/12/2023 -- 09:52:58 - <Notice> - This is Suricata version 6.0.8 RELEASE running in SYSTEM mode
18/12/2023 -- 09:52:58 - <Info> - CPUs/cores online: 2
18/12/2023 -- 09:52:58 - <Warning> - [ERRCODE: SC_ERR_CONF_YAML_ERROR(242)] - App-Layer protocol sip enable status not set, so enabling by default. This behavior will change in Suricata 7, so please update your config. See ticket #4744 for more details.
18/12/2023 -- 09:52:58 - <Warning> - [ERRCODE: SC_ERR_CONF_YAML_ERROR(242)] - App-Layer protocol mqtt enable status not set, so enabling by default. This behavior will change in Suricata 7, so please update your config. See ticket #4744 for more details.
18/12/2023 -- 09:52:58 - <Warning> - [ERRCODE: SC_ERR_CONF_YAML_ERROR(242)] - App-Layer protocol rdp enable status not set, so enabling by default. This behavior will change in Suricata 7, so please update your config. See ticket #4744 for more details.
18/12/2023 -- 09:52:59 - <Info> - Found an MTU of 1500 for 'br-32d3bb03b8fe'
18/12/2023 -- 09:52:59 - <Info> - Found an MTU of 1500 for 'br-32d3bb03b8fe'
18/12/2023 -- 09:52:59 - <Info> - Shortening device name to: br-3..b8fe
18/12/2023 -- 09:52:59 - <Info> - dropped the caps for main thread
18/12/2023 -- 09:52:59 - <Info> - fast output device (regular) initialized: fast.log
18/12/2023 -- 09:52:59 - <Info> - eve-log output device (regular) initialized: eve.json
18/12/2023 -- 09:52:59 - <Info> - stats output device (regular) initialized: stats.log
18/12/2023 -- 09:52:59 - <Info> - Running in live mode, activating unix socket
18/12/2023 -- 09:53:27 - <Info> - 1 rule files processed. 28253 rules successfully loaded, 0 rules failed
18/12/2023 -- 09:53:28 - <Info> - Threshold config parsed: 0 rule(s) found
18/12/2023 -- 09:53:29 - <Info> - 28256 signatures processed. 1231 are IP-only rules, 5153 are inspecting packet payload, 21668 inspect application layer, 108 are decoder event only
18/12/2023 -- 10:59:10 - <Notice> - This is Suricata version 6.0.8 RELEASE running in SYSTEM mode
18/12/2023 -- 10:59:10 - <Info> - CPUs/cores online: 2
18/12/2023 -- 10:59:10 - <Warning> - [ERRCODE: SC_ERR_CONF_YAML_ERROR(242)] - App-Layer protocol sip enable status not set, so enabling by default. This behavior will change in Suricata 7, so please update your config. See ticket #4744 for more details.
18/12/2023 -- 10:59:10 - <Warning> - [ERRCODE: SC_ERR_CONF_YAML_ERROR(242)] - App-Layer protocol mqtt enable status not set, so enabling by default. This behavior will change in Suricata 7, so please update your config. See ticket #4744 for more details.
18/12/2023 -- 10:59:10 - <Warning> - [ERRCODE: SC_ERR_CONF_YAML_ERROR(242)] - App-Layer protocol rdp enable status not set, so enabling by default. This behavior will change in Suricata 7, so please update your config. See ticket #4744 for more details.
18/12/2023 -- 10:59:10 - <Info> - Found an MTU of 1500 for 'br-32d3bb03b8fe'
18/12/2023 -- 10:59:10 - <Info> - Found an MTU of 1500 for 'br-32d3bb03b8fe'
18/12/2023 -- 10:59:10 - <Info> - Shortening device name to: br-3..b8fe
18/12/2023 -- 10:59:10 - <Info> - dropped the caps for main thread
18/12/2023 -- 10:59:10 - <Info> - fast output device (regular) initialized: fast.log
18/12/2023 -- 10:59:10 - <Info> - eve-log output device (regular) initialized: eve.json
18/12/2023 -- 10:59:10 - <Info> - stats output device (regular) initialized: stats.log
18/12/2023 -- 10:59:10 - <Info> - Running in live mode, activating unix socket
18/12/2023 -- 10:59:39 - <Info> - 1 rule files processed. 28253 rules successfully loaded, 0 rules failed
18/12/2023 -- 10:59:39 - <Info> - Threshold config parsed: 0 rule(s) found
18/12/2023 -- 10:59:40 - <Info> - 28256 signatures processed. 1231 are IP-only rules, 5153 are inspecting packet payload, 21668 inspect application layer, 108 are decoder event only
18/12/2023 -- 11:12:51 - <Notice> - This is Suricata version 6.0.8 RELEASE running in SYSTEM mode
18/12/2023 -- 11:12:51 - <Info> - CPUs/cores online: 2
18/12/2023 -- 11:12:52 - <Warning> - [ERRCODE: SC_ERR_CONF_YAML_ERROR(242)] - App-Layer protocol sip enable status not set, so enabling by default. This behavior will change in Suricata 7, so please update your config. See ticket #4744 for more details.
18/12/2023 -- 11:12:52 - <Warning> - [ERRCODE: SC_ERR_CONF_YAML_ERROR(242)] - App-Layer protocol mqtt enable status not set, so enabling by default. This behavior will change in Suricata 7, so please update your config. See ticket #4744 for more details.
18/12/2023 -- 11:12:52 - <Warning> - [ERRCODE: SC_ERR_CONF_YAML_ERROR(242)] - App-Layer protocol rdp enable status not set, so enabling by default. This behavior will change in Suricata 7, so please update your config. See ticket #4744 for more details.
18/12/2023 -- 11:12:52 - <Info> - Found an MTU of 1500 for 'br-32d3bb03b8fe'
18/12/2023 -- 11:12:52 - <Info> - Found an MTU of 1500 for 'br-32d3bb03b8fe'
18/12/2023 -- 11:12:52 - <Info> - Shortening device name to: br-3..b8fe
18/12/2023 -- 11:12:52 - <Info> - dropped the caps for main thread
18/12/2023 -- 11:12:52 - <Info> - fast output device (regular) initialized: fast.log
18/12/2023 -- 11:12:52 - <Info> - eve-log output device (regular) initialized: eve.json
18/12/2023 -- 11:12:52 - <Info> - stats output device (regular) initialized: stats.log
18/12/2023 -- 11:12:52 - <Info> - Running in live mode, activating unix socket
18/12/2023 -- 11:13:21 - <Info> - 1 rule files processed. 28253 rules successfully loaded, 0 rules failed
18/12/2023 -- 11:13:21 - <Info> - Threshold config parsed: 0 rule(s) found
18/12/2023 -- 11:13:22 - <Info> - 28256 signatures processed. 1231 are IP-only rules, 5153 are inspecting packet payload, 21668 inspect application layer, 108 are decoder event only
18/12/2023 -- 11:26:47 - <Notice> - This is Suricata version 6.0.8 RELEASE running in SYSTEM mode
18/12/2023 -- 11:26:47 - <Info> - CPUs/cores online: 2
18/12/2023 -- 11:26:47 - <Warning> - [ERRCODE: SC_ERR_CONF_YAML_ERROR(242)] - App-Layer protocol sip enable status not set, so enabling by default. This behavior will change in Suricata 7, so please update your config. See ticket #4744 for more details.
18/12/2023 -- 11:26:47 - <Warning> - [ERRCODE: SC_ERR_CONF_YAML_ERROR(242)] - App-Layer protocol mqtt enable status not set, so enabling by default. This behavior will change in Suricata 7, so please update your config. See ticket #4744 for more details.
18/12/2023 -- 11:26:47 - <Warning> - [ERRCODE: SC_ERR_CONF_YAML_ERROR(242)] - App-Layer protocol rdp enable status not set, so enabling by default. This behavior will change in Suricata 7, so please update your config. See ticket #4744 for more details.
18/12/2023 -- 11:26:47 - <Info> - Found an MTU of 1500 for 'br-32d3bb03b8fe'
18/12/2023 -- 11:26:47 - <Info> - Found an MTU of 1500 for 'br-32d3bb03b8fe'
18/12/2023 -- 11:26:48 - <Info> - Shortening device name to: br-3..b8fe
18/12/2023 -- 11:26:48 - <Info> - dropped the caps for main thread
18/12/2023 -- 11:26:48 - <Info> - fast output device (regular) initialized: fast.log
18/12/2023 -- 11:26:48 - <Info> - eve-log output device (regular) initialized: eve.json
18/12/2023 -- 11:26:48 - <Info> - stats output device (regular) initialized: stats.log
18/12/2023 -- 11:26:48 - <Info> - Running in live mode, activating unix socket
18/12/2023 -- 11:27:13 - <Info> - 1 rule files processed. 28253 rules successfully loaded, 0 rules failed
18/12/2023 -- 11:27:13 - <Info> - Threshold config parsed: 0 rule(s) found
18/12/2023 -- 11:27:14 - <Info> - 28256 signatures processed. 1231 are IP-only rules, 5153 are inspecting packet payload, 21668 inspect application layer, 108 are decoder event only
18/12/2023 -- 11:27:57 - <Info> - Going to use 2 thread(s)
18/12/2023 -- 11:27:57 - <Info> - Running in live mode, activating unix socket
18/12/2023 -- 11:27:57 - <Info> - Using unix socket file '/var/run/suricata/suricata-command.socket'
18/12/2023 -- 11:27:57 - <Notice> - all 2 packet processing threads, 4 management threads initialized, engine started.
18/12/2023 -- 11:27:57 - <Info> - All AFP capture threads are running.
18/12/2023 -- 11:37:28 - <Notice> - Signal Received.  Stopping engine.
18/12/2023 -- 11:37:32 - <Info> - time elapsed 574.349s
18/12/2023 -- 11:37:33 - <Info> - Alerts: 111
18/12/2023 -- 11:37:34 - <Info> - cleaning up signature grouping structure... complete
18/12/2023 -- 11:37:34 - <Notice> - Stats for 'br-32d3bb03b8fe':  pkts: 32632, drop: 0 (0.00%), invalid chksum: 0
18/12/2023 -- 11:56:04 - <Notice> - This is Suricata version 6.0.8 RELEASE running in SYSTEM mode
18/12/2023 -- 11:56:04 - <Info> - CPUs/cores online: 2
18/12/2023 -- 11:56:05 - <Warning> - [ERRCODE: SC_ERR_CONF_YAML_ERROR(242)] - App-Layer protocol sip enable status not set, so enabling by default. This behavior will change in Suricata 7, so please update your config. See ticket #4744 for more details.
18/12/2023 -- 11:56:05 - <Warning> - [ERRCODE: SC_ERR_CONF_YAML_ERROR(242)] - App-Layer protocol mqtt enable status not set, so enabling by default. This behavior will change in Suricata 7, so please update your config. See ticket #4744 for more details.
18/12/2023 -- 11:56:05 - <Warning> - [ERRCODE: SC_ERR_CONF_YAML_ERROR(242)] - App-Layer protocol rdp enable status not set, so enabling by default. This behavior will change in Suricata 7, so please update your config. See ticket #4744 for more details.
18/12/2023 -- 11:56:05 - <Info> - Found an MTU of 1500 for 'br-32d3bb03b8fe'
18/12/2023 -- 11:56:05 - <Info> - Found an MTU of 1500 for 'br-32d3bb03b8fe'
18/12/2023 -- 11:56:05 - <Info> - Shortening device name to: br-3..b8fe
18/12/2023 -- 11:56:06 - <Info> - dropped the caps for main thread
18/12/2023 -- 11:56:06 - <Info> - fast output device (regular) initialized: fast.log
18/12/2023 -- 11:56:06 - <Info> - eve-log output device (regular) initialized: eve.json
18/12/2023 -- 11:56:06 - <Info> - stats output device (regular) initialized: stats.log
18/12/2023 -- 11:56:06 - <Info> - Running in live mode, activating unix socket
18/12/2023 -- 11:56:42 - <Info> - 1 rule files processed. 28253 rules successfully loaded, 0 rules failed
18/12/2023 -- 11:56:42 - <Info> - Threshold config parsed: 0 rule(s) found
18/12/2023 -- 11:56:43 - <Info> - 28256 signatures processed. 1231 are IP-only rules, 5153 are inspecting packet payload, 21668 inspect application layer, 108 are decoder event only
18/12/2023 -- 12:05:15 - <Notice> - This is Suricata version 6.0.8 RELEASE running in SYSTEM mode
18/12/2023 -- 12:05:15 - <Info> - CPUs/cores online: 2
18/12/2023 -- 12:05:15 - <Warning> - [ERRCODE: SC_ERR_CONF_YAML_ERROR(242)] - App-Layer protocol sip enable status not set, so enabling by default. This behavior will change in Suricata 7, so please update your config. See ticket #4744 for more details.
18/12/2023 -- 12:05:15 - <Warning> - [ERRCODE: SC_ERR_CONF_YAML_ERROR(242)] - App-Layer protocol mqtt enable status not set, so enabling by default. This behavior will change in Suricata 7, so please update your config. See ticket #4744 for more details.
18/12/2023 -- 12:05:15 - <Warning> - [ERRCODE: SC_ERR_CONF_YAML_ERROR(242)] - App-Layer protocol rdp enable status not set, so enabling by default. This behavior will change in Suricata 7, so please update your config. See ticket #4744 for more details.
18/12/2023 -- 12:05:15 - <Info> - Found an MTU of 1500 for 'br-32d3bb03b8fe'
18/12/2023 -- 12:05:15 - <Info> - Found an MTU of 1500 for 'br-32d3bb03b8fe'
18/12/2023 -- 12:05:15 - <Info> - Shortening device name to: br-3..b8fe
18/12/2023 -- 12:05:15 - <Info> - dropped the caps for main thread
18/12/2023 -- 12:05:15 - <Info> - fast output device (regular) initialized: fast.log
18/12/2023 -- 12:05:15 - <Info> - eve-log output device (regular) initialized: eve.json
18/12/2023 -- 12:05:15 - <Info> - stats output device (regular) initialized: stats.log
18/12/2023 -- 12:05:15 - <Info> - Running in live mode, activating unix socket
18/12/2023 -- 12:05:50 - <Info> - 1 rule files processed. 28253 rules successfully loaded, 0 rules failed
18/12/2023 -- 12:05:50 - <Info> - Threshold config parsed: 0 rule(s) found
18/12/2023 -- 12:05:52 - <Info> - 28256 signatures processed. 1231 are IP-only rules, 5153 are inspecting packet payload, 21668 inspect application layer, 108 are decoder event only
18/12/2023 -- 12:15:58 - <Notice> - This is Suricata version 6.0.8 RELEASE running in SYSTEM mode
18/12/2023 -- 12:15:58 - <Info> - CPUs/cores online: 2
18/12/2023 -- 12:15:58 - <Warning> - [ERRCODE: SC_ERR_CONF_YAML_ERROR(242)] - App-Layer protocol sip enable status not set, so enabling by default. This behavior will change in Suricata 7, so please update your config. See ticket #4744 for more details.
18/12/2023 -- 12:15:58 - <Warning> - [ERRCODE: SC_ERR_CONF_YAML_ERROR(242)] - App-Layer protocol mqtt enable status not set, so enabling by default. This behavior will change in Suricata 7, so please update your config. See ticket #4744 for more details.
18/12/2023 -- 12:15:58 - <Warning> - [ERRCODE: SC_ERR_CONF_YAML_ERROR(242)] - App-Layer protocol rdp enable status not set, so enabling by default. This behavior will change in Suricata 7, so please update your config. See ticket #4744 for more details.
18/12/2023 -- 12:15:59 - <Info> - Found an MTU of 1500 for 'br-32d3bb03b8fe'
18/12/2023 -- 12:15:59 - <Info> - Found an MTU of 1500 for 'br-32d3bb03b8fe'
18/12/2023 -- 12:15:59 - <Info> - Shortening device name to: br-3..b8fe
18/12/2023 -- 12:15:59 - <Info> - dropped the caps for main thread
18/12/2023 -- 12:15:59 - <Info> - fast output device (regular) initialized: fast.log
18/12/2023 -- 12:15:59 - <Info> - eve-log output device (regular) initialized: eve.json
18/12/2023 -- 12:15:59 - <Info> - stats output device (regular) initialized: stats.log
18/12/2023 -- 12:15:59 - <Info> - Running in live mode, activating unix socket
18/12/2023 -- 12:16:29 - <Info> - 1 rule files processed. 28253 rules successfully loaded, 0 rules failed
18/12/2023 -- 12:16:29 - <Info> - Threshold config parsed: 0 rule(s) found
18/12/2023 -- 12:16:32 - <Info> - 28256 signatures processed. 1231 are IP-only rules, 5153 are inspecting packet payload, 21668 inspect application layer, 108 are decoder event only
18/12/2023 -- 12:23:36 - <Notice> - This is Suricata version 6.0.8 RELEASE running in SYSTEM mode
18/12/2023 -- 12:23:36 - <Info> - CPUs/cores online: 2
18/12/2023 -- 12:23:36 - <Warning> - [ERRCODE: SC_ERR_CONF_YAML_ERROR(242)] - App-Layer protocol sip enable status not set, so enabling by default. This behavior will change in Suricata 7, so please update your config. See ticket #4744 for more details.
18/12/2023 -- 12:23:36 - <Warning> - [ERRCODE: SC_ERR_CONF_YAML_ERROR(242)] - App-Layer protocol mqtt enable status not set, so enabling by default. This behavior will change in Suricata 7, so please update your config. See ticket #4744 for more details.
18/12/2023 -- 12:23:36 - <Warning> - [ERRCODE: SC_ERR_CONF_YAML_ERROR(242)] - App-Layer protocol rdp enable status not set, so enabling by default. This behavior will change in Suricata 7, so please update your config. See ticket #4744 for more details.
18/12/2023 -- 12:23:36 - <Info> - Found an MTU of 1500 for 'br-32d3bb03b8fe'
18/12/2023 -- 12:23:36 - <Info> - Found an MTU of 1500 for 'br-32d3bb03b8fe'
18/12/2023 -- 12:23:37 - <Info> - Shortening device name to: br-3..b8fe
18/12/2023 -- 12:23:37 - <Info> - dropped the caps for main thread
18/12/2023 -- 12:23:37 - <Info> - fast output device (regular) initialized: fast.log
18/12/2023 -- 12:23:37 - <Info> - eve-log output device (regular) initialized: eve.json
18/12/2023 -- 12:23:37 - <Info> - stats output device (regular) initialized: stats.log
18/12/2023 -- 12:23:37 - <Info> - Running in live mode, activating unix socket
18/12/2023 -- 12:24:12 - <Info> - 1 rule files processed. 28253 rules successfully loaded, 0 rules failed
18/12/2023 -- 12:24:12 - <Info> - Threshold config parsed: 0 rule(s) found
18/12/2023 -- 12:24:14 - <Info> - 28256 signatures processed. 1231 are IP-only rules, 5153 are inspecting packet payload, 21668 inspect application layer, 108 are decoder event only
18/12/2023 -- 12:30:36 - <Notice> - This is Suricata version 6.0.8 RELEASE running in SYSTEM mode
18/12/2023 -- 12:30:36 - <Info> - CPUs/cores online: 2
18/12/2023 -- 12:30:36 - <Warning> - [ERRCODE: SC_ERR_CONF_YAML_ERROR(242)] - App-Layer protocol sip enable status not set, so enabling by default. This behavior will change in Suricata 7, so please update your config. See ticket #4744 for more details.
18/12/2023 -- 12:30:36 - <Warning> - [ERRCODE: SC_ERR_CONF_YAML_ERROR(242)] - App-Layer protocol mqtt enable status not set, so enabling by default. This behavior will change in Suricata 7, so please update your config. See ticket #4744 for more details.
18/12/2023 -- 12:30:36 - <Warning> - [ERRCODE: SC_ERR_CONF_YAML_ERROR(242)] - App-Layer protocol rdp enable status not set, so enabling by default. This behavior will change in Suricata 7, so please update your config. See ticket #4744 for more details.
18/12/2023 -- 12:30:37 - <Info> - Found an MTU of 1500 for 'br-32d3bb03b8fe'
18/12/2023 -- 12:30:37 - <Info> - Found an MTU of 1500 for 'br-32d3bb03b8fe'
18/12/2023 -- 12:30:37 - <Info> - Shortening device name to: br-3..b8fe
18/12/2023 -- 12:30:38 - <Info> - dropped the caps for main thread
18/12/2023 -- 12:30:38 - <Info> - fast output device (regular) initialized: fast.log
18/12/2023 -- 12:30:38 - <Info> - eve-log output device (regular) initialized: eve.json
18/12/2023 -- 12:30:38 - <Info> - stats output device (regular) initialized: stats.log
18/12/2023 -- 12:30:38 - <Info> - Running in live mode, activating unix socket
18/12/2023 -- 12:31:25 - <Info> - 1 rule files processed. 28253 rules successfully loaded, 0 rules failed
18/12/2023 -- 12:31:25 - <Info> - Threshold config parsed: 0 rule(s) found
18/12/2023 -- 12:31:26 - <Info> - 28256 signatures processed. 1231 are IP-only rules, 5153 are inspecting packet payload, 21668 inspect application layer, 108 are decoder event only
18/12/2023 -- 12:38:15 - <Notice> - This is Suricata version 6.0.8 RELEASE running in SYSTEM mode
18/12/2023 -- 12:38:15 - <Info> - CPUs/cores online: 2
18/12/2023 -- 12:38:15 - <Warning> - [ERRCODE: SC_ERR_CONF_YAML_ERROR(242)] - App-Layer protocol sip enable status not set, so enabling by default. This behavior will change in Suricata 7, so please update your config. See ticket #4744 for more details.
18/12/2023 -- 12:38:15 - <Warning> - [ERRCODE: SC_ERR_CONF_YAML_ERROR(242)] - App-Layer protocol mqtt enable status not set, so enabling by default. This behavior will change in Suricata 7, so please update your config. See ticket #4744 for more details.
18/12/2023 -- 12:38:15 - <Warning> - [ERRCODE: SC_ERR_CONF_YAML_ERROR(242)] - App-Layer protocol rdp enable status not set, so enabling by default. This behavior will change in Suricata 7, so please update your config. See ticket #4744 for more details.
18/12/2023 -- 12:38:16 - <Info> - Found an MTU of 1500 for 'br-32d3bb03b8fe'
18/12/2023 -- 12:38:16 - <Info> - Found an MTU of 1500 for 'br-32d3bb03b8fe'
18/12/2023 -- 12:38:16 - <Info> - Shortening device name to: br-3..b8fe
18/12/2023 -- 12:38:16 - <Info> - dropped the caps for main thread
18/12/2023 -- 12:38:16 - <Info> - fast output device (regular) initialized: fast.log
18/12/2023 -- 12:38:16 - <Info> - eve-log output device (regular) initialized: eve.json
18/12/2023 -- 12:38:16 - <Info> - stats output device (regular) initialized: stats.log
18/12/2023 -- 12:38:16 - <Info> - Running in live mode, activating unix socket
18/12/2023 -- 12:38:50 - <Info> - 1 rule files processed. 28253 rules successfully loaded, 0 rules failed
18/12/2023 -- 12:38:50 - <Info> - Threshold config parsed: 0 rule(s) found
18/12/2023 -- 12:38:51 - <Info> - 28256 signatures processed. 1231 are IP-only rules, 5153 are inspecting packet payload, 21668 inspect application layer, 108 are decoder event only
18/12/2023 -- 12:39:45 - <Info> - Going to use 2 thread(s)
18/12/2023 -- 12:39:45 - <Info> - Running in live mode, activating unix socket
18/12/2023 -- 12:39:45 - <Info> - Using unix socket file '/var/run/suricata/suricata-command.socket'
18/12/2023 -- 12:39:45 - <Notice> - all 2 packet processing threads, 4 management threads initialized, engine started.
18/12/2023 -- 12:39:46 - <Info> - All AFP capture threads are running.
18/12/2023 -- 12:40:22 - <Notice> - Signal Received.  Stopping engine.
18/12/2023 -- 12:40:22 - <Info> - time elapsed 36.485s
18/12/2023 -- 12:40:23 - <Info> - Alerts: 0
18/12/2023 -- 12:40:25 - <Info> - cleaning up signature grouping structure... complete
18/12/2023 -- 12:40:25 - <Notice> - Stats for 'br-32d3bb03b8fe':  pkts: 7813, drop: 0 (0.00%), invalid chksum: 0
18/12/2023 -- 12:46:40 - <Notice> - This is Suricata version 6.0.8 RELEASE running in SYSTEM mode
18/12/2023 -- 12:46:40 - <Info> - CPUs/cores online: 2
18/12/2023 -- 12:46:40 - <Warning> - [ERRCODE: SC_ERR_CONF_YAML_ERROR(242)] - App-Layer protocol sip enable status not set, so enabling by default. This behavior will change in Suricata 7, so please update your config. See ticket #4744 for more details.
18/12/2023 -- 12:46:40 - <Warning> - [ERRCODE: SC_ERR_CONF_YAML_ERROR(242)] - App-Layer protocol mqtt enable status not set, so enabling by default. This behavior will change in Suricata 7, so please update your config. See ticket #4744 for more details.
18/12/2023 -- 12:46:40 - <Warning> - [ERRCODE: SC_ERR_CONF_YAML_ERROR(242)] - App-Layer protocol rdp enable status not set, so enabling by default. This behavior will change in Suricata 7, so please update your config. See ticket #4744 for more details.
18/12/2023 -- 12:46:40 - <Info> - Found an MTU of 1500 for 'br-32d3bb03b8fe'
18/12/2023 -- 12:46:40 - <Info> - Found an MTU of 1500 for 'br-32d3bb03b8fe'
18/12/2023 -- 12:46:40 - <Info> - Shortening device name to: br-3..b8fe
18/12/2023 -- 12:46:41 - <Info> - dropped the caps for main thread
18/12/2023 -- 12:46:41 - <Info> - fast output device (regular) initialized: fast.log
18/12/2023 -- 12:46:41 - <Info> - eve-log output device (regular) initialized: eve.json
18/12/2023 -- 12:46:41 - <Info> - stats output device (regular) initialized: stats.log
18/12/2023 -- 12:46:41 - <Info> - Running in live mode, activating unix socket
18/12/2023 -- 12:47:16 - <Info> - 1 rule files processed. 28253 rules successfully loaded, 0 rules failed
18/12/2023 -- 12:47:17 - <Info> - Threshold config parsed: 0 rule(s) found
18/12/2023 -- 12:47:19 - <Info> - 28256 signatures processed. 1231 are IP-only rules, 5153 are inspecting packet payload, 21668 inspect application layer, 108 are decoder event only
18/12/2023 -- 12:48:47 - <Info> - Going to use 2 thread(s)
18/12/2023 -- 12:48:47 - <Info> - Running in live mode, activating unix socket
18/12/2023 -- 12:48:47 - <Info> - Using unix socket file '/var/run/suricata/suricata-command.socket'
18/12/2023 -- 12:48:47 - <Notice> - all 2 packet processing threads, 4 management threads initialized, engine started.
18/12/2023 -- 12:48:47 - <Info> - All AFP capture threads are running.
18/12/2023 -- 12:50:03 - <Notice> - Signal Received.  Stopping engine.
18/12/2023 -- 12:50:03 - <Info> - time elapsed 76.724s
18/12/2023 -- 12:50:05 - <Info> - Alerts: 6
18/12/2023 -- 12:50:09 - <Info> - cleaning up signature grouping structure... complete
18/12/2023 -- 12:50:09 - <Notice> - Stats for 'br-32d3bb03b8fe':  pkts: 15015, drop: 0 (0.00%), invalid chksum: 0
18/12/2023 -- 14:45:40 - <Notice> - This is Suricata version 6.0.8 RELEASE running in SYSTEM mode
18/12/2023 -- 14:45:40 - <Info> - CPUs/cores online: 2
18/12/2023 -- 14:45:40 - <Warning> - [ERRCODE: SC_ERR_CONF_YAML_ERROR(242)] - App-Layer protocol sip enable status not set, so enabling by default. This behavior will change in Suricata 7, so please update your config. See ticket #4744 for more details.
18/12/2023 -- 14:45:40 - <Warning> - [ERRCODE: SC_ERR_CONF_YAML_ERROR(242)] - App-Layer protocol mqtt enable status not set, so enabling by default. This behavior will change in Suricata 7, so please update your config. See ticket #4744 for more details.
18/12/2023 -- 14:45:40 - <Warning> - [ERRCODE: SC_ERR_CONF_YAML_ERROR(242)] - App-Layer protocol rdp enable status not set, so enabling by default. This behavior will change in Suricata 7, so please update your config. See ticket #4744 for more details.
18/12/2023 -- 14:45:41 - <Info> - Found an MTU of 1500 for 'br-32d3bb03b8fe'
18/12/2023 -- 14:45:41 - <Info> - Found an MTU of 1500 for 'br-32d3bb03b8fe'
18/12/2023 -- 14:45:41 - <Info> - Shortening device name to: br-3..b8fe
18/12/2023 -- 14:45:41 - <Info> - dropped the caps for main thread
18/12/2023 -- 14:45:41 - <Info> - fast output device (regular) initialized: fast.log
18/12/2023 -- 14:45:41 - <Info> - eve-log output device (regular) initialized: eve.json
18/12/2023 -- 14:45:41 - <Info> - stats output device (regular) initialized: stats.log
18/12/2023 -- 14:45:41 - <Info> - Running in live mode, activating unix socket
18/12/2023 -- 14:46:41 - <Info> - 1 rule files processed. 28253 rules successfully loaded, 0 rules failed
18/12/2023 -- 14:46:41 - <Info> - Threshold config parsed: 0 rule(s) found
18/12/2023 -- 14:46:45 - <Info> - 28256 signatures processed. 1231 are IP-only rules, 5153 are inspecting packet payload, 21668 inspect application layer, 108 are decoder event only
18/12/2023 -- 14:57:26 - <Notice> - This is Suricata version 6.0.8 RELEASE running in SYSTEM mode
18/12/2023 -- 14:57:26 - <Info> - CPUs/cores online: 2
18/12/2023 -- 14:57:26 - <Warning> - [ERRCODE: SC_ERR_CONF_YAML_ERROR(242)] - App-Layer protocol sip enable status not set, so enabling by default. This behavior will change in Suricata 7, so please update your config. See ticket #4744 for more details.
18/12/2023 -- 14:57:26 - <Warning> - [ERRCODE: SC_ERR_CONF_YAML_ERROR(242)] - App-Layer protocol mqtt enable status not set, so enabling by default. This behavior will change in Suricata 7, so please update your config. See ticket #4744 for more details.
18/12/2023 -- 14:57:26 - <Warning> - [ERRCODE: SC_ERR_CONF_YAML_ERROR(242)] - App-Layer protocol rdp enable status not set, so enabling by default. This behavior will change in Suricata 7, so please update your config. See ticket #4744 for more details.
18/12/2023 -- 14:57:27 - <Info> - Found an MTU of 1500 for 'br-32d3bb03b8fe'
18/12/2023 -- 14:57:27 - <Info> - Found an MTU of 1500 for 'br-32d3bb03b8fe'
18/12/2023 -- 14:57:28 - <Info> - Shortening device name to: br-3..b8fe
18/12/2023 -- 14:57:28 - <Info> - dropped the caps for main thread
18/12/2023 -- 14:57:28 - <Info> - fast output device (regular) initialized: fast.log
18/12/2023 -- 14:57:28 - <Info> - eve-log output device (regular) initialized: eve.json
18/12/2023 -- 14:57:28 - <Info> - stats output device (regular) initialized: stats.log
18/12/2023 -- 14:57:28 - <Info> - Running in live mode, activating unix socket
18/12/2023 -- 16:11:04 - <Notice> - This is Suricata version 6.0.8 RELEASE running in SYSTEM mode
18/12/2023 -- 16:11:04 - <Info> - CPUs/cores online: 2
18/12/2023 -- 16:11:05 - <Warning> - [ERRCODE: SC_ERR_CONF_YAML_ERROR(242)] - App-Layer protocol sip enable status not set, so enabling by default. This behavior will change in Suricata 7, so please update your config. See ticket #4744 for more details.
18/12/2023 -- 16:11:05 - <Warning> - [ERRCODE: SC_ERR_CONF_YAML_ERROR(242)] - App-Layer protocol mqtt enable status not set, so enabling by default. This behavior will change in Suricata 7, so please update your config. See ticket #4744 for more details.
18/12/2023 -- 16:11:05 - <Warning> - [ERRCODE: SC_ERR_CONF_YAML_ERROR(242)] - App-Layer protocol rdp enable status not set, so enabling by default. This behavior will change in Suricata 7, so please update your config. See ticket #4744 for more details.
18/12/2023 -- 16:11:05 - <Info> - Found an MTU of 1500 for 'br-32d3bb03b8fe'
18/12/2023 -- 16:11:05 - <Info> - Found an MTU of 1500 for 'br-32d3bb03b8fe'
18/12/2023 -- 16:11:05 - <Info> - Shortening device name to: br-3..b8fe
18/12/2023 -- 16:11:05 - <Info> - dropped the caps for main thread
18/12/2023 -- 16:11:05 - <Info> - fast output device (regular) initialized: fast.log
18/12/2023 -- 16:11:05 - <Info> - eve-log output device (regular) initialized: eve.json
18/12/2023 -- 16:11:05 - <Info> - stats output device (regular) initialized: stats.log
18/12/2023 -- 16:11:05 - <Info> - Running in live mode, activating unix socket
18/12/2023 -- 16:11:32 - <Info> - 1 rule files processed. 28253 rules successfully loaded, 0 rules failed
18/12/2023 -- 16:11:32 - <Info> - Threshold config parsed: 0 rule(s) found
18/12/2023 -- 16:11:34 - <Info> - 28256 signatures processed. 1231 are IP-only rules, 5153 are inspecting packet payload, 21668 inspect application layer, 108 are decoder event only
18/12/2023 -- 16:12:23 - <Info> - Going to use 2 thread(s)
18/12/2023 -- 16:12:23 - <Info> - Running in live mode, activating unix socket
18/12/2023 -- 16:12:23 - <Info> - Using unix socket file '/var/run/suricata/suricata-command.socket'
18/12/2023 -- 16:12:23 - <Notice> - all 2 packet processing threads, 4 management threads initialized, engine started.
18/12/2023 -- 16:12:23 - <Notice> - Signal Received.  Stopping engine.
18/12/2023 -- 16:12:23 - <Info> - All AFP capture threads are running.
18/12/2023 -- 16:12:23 - <Info> - time elapsed 0.379s
18/12/2023 -- 16:12:24 - <Info> - Alerts: 0
18/12/2023 -- 16:18:16 - <Notice> - This is Suricata version 6.0.8 RELEASE running in SYSTEM mode
18/12/2023 -- 16:18:16 - <Info> - CPUs/cores online: 2
18/12/2023 -- 16:18:16 - <Warning> - [ERRCODE: SC_ERR_CONF_YAML_ERROR(242)] - App-Layer protocol sip enable status not set, so enabling by default. This behavior will change in Suricata 7, so please update your config. See ticket #4744 for more details.
18/12/2023 -- 16:18:16 - <Warning> - [ERRCODE: SC_ERR_CONF_YAML_ERROR(242)] - App-Layer protocol mqtt enable status not set, so enabling by default. This behavior will change in Suricata 7, so please update your config. See ticket #4744 for more details.
18/12/2023 -- 16:18:16 - <Warning> - [ERRCODE: SC_ERR_CONF_YAML_ERROR(242)] - App-Layer protocol rdp enable status not set, so enabling by default. This behavior will change in Suricata 7, so please update your config. See ticket #4744 for more details.
18/12/2023 -- 16:18:16 - <Info> - Found an MTU of 1500 for 'br-32d3bb03b8fe'
18/12/2023 -- 16:18:16 - <Info> - Found an MTU of 1500 for 'br-32d3bb03b8fe'
18/12/2023 -- 16:18:16 - <Info> - Shortening device name to: br-3..b8fe
18/12/2023 -- 16:18:16 - <Info> - dropped the caps for main thread
18/12/2023 -- 16:18:16 - <Info> - fast output device (regular) initialized: fast.log
18/12/2023 -- 16:18:16 - <Info> - eve-log output device (regular) initialized: eve.json
18/12/2023 -- 16:18:16 - <Info> - stats output device (regular) initialized: stats.log
18/12/2023 -- 16:18:16 - <Info> - Running in live mode, activating unix socket
18/12/2023 -- 16:18:43 - <Info> - 1 rule files processed. 28253 rules successfully loaded, 0 rules failed
18/12/2023 -- 16:18:43 - <Info> - Threshold config parsed: 0 rule(s) found
18/12/2023 -- 16:18:44 - <Info> - 28256 signatures processed. 1231 are IP-only rules, 5153 are inspecting packet payload, 21668 inspect application layer, 108 are decoder event only
18/12/2023 -- 16:25:08 - <Notice> - This is Suricata version 6.0.8 RELEASE running in SYSTEM mode
18/12/2023 -- 16:25:08 - <Info> - CPUs/cores online: 2
18/12/2023 -- 16:25:09 - <Warning> - [ERRCODE: SC_ERR_CONF_YAML_ERROR(242)] - App-Layer protocol sip enable status not set, so enabling by default. This behavior will change in Suricata 7, so please update your config. See ticket #4744 for more details.
18/12/2023 -- 16:25:09 - <Warning> - [ERRCODE: SC_ERR_CONF_YAML_ERROR(242)] - App-Layer protocol mqtt enable status not set, so enabling by default. This behavior will change in Suricata 7, so please update your config. See ticket #4744 for more details.
18/12/2023 -- 16:25:09 - <Warning> - [ERRCODE: SC_ERR_CONF_YAML_ERROR(242)] - App-Layer protocol rdp enable status not set, so enabling by default. This behavior will change in Suricata 7, so please update your config. See ticket #4744 for more details.
18/12/2023 -- 16:25:09 - <Info> - Found an MTU of 1500 for 'br-32d3bb03b8fe'
18/12/2023 -- 16:25:09 - <Info> - Found an MTU of 1500 for 'br-32d3bb03b8fe'
18/12/2023 -- 16:25:09 - <Info> - Shortening device name to: br-3..b8fe
18/12/2023 -- 16:25:09 - <Info> - dropped the caps for main thread
18/12/2023 -- 16:25:09 - <Info> - fast output device (regular) initialized: fast.log
18/12/2023 -- 16:25:09 - <Info> - eve-log output device (regular) initialized: eve.json
18/12/2023 -- 16:25:09 - <Info> - stats output device (regular) initialized: stats.log
18/12/2023 -- 16:25:09 - <Info> - Running in live mode, activating unix socket
18/12/2023 -- 16:25:41 - <Info> - 1 rule files processed. 28253 rules successfully loaded, 0 rules failed
18/12/2023 -- 16:25:41 - <Info> - Threshold config parsed: 0 rule(s) found
18/12/2023 -- 16:25:42 - <Info> - 28256 signatures processed. 1231 are IP-only rules, 5153 are inspecting packet payload, 21668 inspect application layer, 108 are decoder event only
18/12/2023 -- 16:32:26 - <Notice> - This is Suricata version 6.0.8 RELEASE running in SYSTEM mode
18/12/2023 -- 16:32:26 - <Info> - CPUs/cores online: 2
18/12/2023 -- 16:32:26 - <Warning> - [ERRCODE: SC_ERR_CONF_YAML_ERROR(242)] - App-Layer protocol sip enable status not set, so enabling by default. This behavior will change in Suricata 7, so please update your config. See ticket #4744 for more details.
18/12/2023 -- 16:32:26 - <Warning> - [ERRCODE: SC_ERR_CONF_YAML_ERROR(242)] - App-Layer protocol mqtt enable status not set, so enabling by default. This behavior will change in Suricata 7, so please update your config. See ticket #4744 for more details.
18/12/2023 -- 16:32:26 - <Warning> - [ERRCODE: SC_ERR_CONF_YAML_ERROR(242)] - App-Layer protocol rdp enable status not set, so enabling by default. This behavior will change in Suricata 7, so please update your config. See ticket #4744 for more details.
18/12/2023 -- 16:32:27 - <Info> - Found an MTU of 1500 for 'br-32d3bb03b8fe'
18/12/2023 -- 16:32:27 - <Info> - Found an MTU of 1500 for 'br-32d3bb03b8fe'
18/12/2023 -- 16:32:27 - <Info> - Shortening device name to: br-3..b8fe
18/12/2023 -- 16:32:27 - <Info> - dropped the caps for main thread
18/12/2023 -- 16:32:27 - <Info> - fast output device (regular) initialized: fast.log
18/12/2023 -- 16:32:27 - <Info> - eve-log output device (regular) initialized: eve.json
18/12/2023 -- 16:32:27 - <Info> - stats output device (regular) initialized: stats.log
18/12/2023 -- 16:32:27 - <Info> - Running in live mode, activating unix socket
18/12/2023 -- 16:32:54 - <Info> - 1 rule files processed. 28253 rules successfully loaded, 0 rules failed
18/12/2023 -- 16:32:54 - <Info> - Threshold config parsed: 0 rule(s) found
18/12/2023 -- 16:32:56 - <Info> - 28256 signatures processed. 1231 are IP-only rules, 5153 are inspecting packet payload, 21668 inspect application layer, 108 are decoder event only
18/12/2023 -- 16:33:43 - <Info> - Going to use 2 thread(s)
18/12/2023 -- 16:33:43 - <Info> - Running in live mode, activating unix socket
18/12/2023 -- 16:33:43 - <Info> - Using unix socket file '/var/run/suricata/suricata-command.socket'
18/12/2023 -- 16:33:43 - <Notice> - all 2 packet processing threads, 4 management threads initialized, engine started.
18/12/2023 -- 16:33:43 - <Info> - All AFP capture threads are running.
18/12/2023 -- 16:35:51 - <Notice> - Signal Received.  Stopping engine.
18/12/2023 -- 16:35:51 - <Info> - time elapsed 128.715s
18/12/2023 -- 16:35:52 - <Info> - Alerts: 8
18/12/2023 -- 16:35:53 - <Info> - cleaning up signature grouping structure... complete
18/12/2023 -- 16:35:54 - <Notice> - Stats for 'br-32d3bb03b8fe':  pkts: 22973, drop: 0 (0.00%), invalid chksum: 0
18/12/2023 -- 16:50:41 - <Notice> - This is Suricata version 6.0.8 RELEASE running in SYSTEM mode
18/12/2023 -- 16:50:41 - <Info> - CPUs/cores online: 4
18/12/2023 -- 16:50:41 - <Warning> - [ERRCODE: SC_ERR_CONF_YAML_ERROR(242)] - App-Layer protocol sip enable status not set, so enabling by default. This behavior will change in Suricata 7, so please update your config. See ticket #4744 for more details.
18/12/2023 -- 16:50:41 - <Warning> - [ERRCODE: SC_ERR_CONF_YAML_ERROR(242)] - App-Layer protocol mqtt enable status not set, so enabling by default. This behavior will change in Suricata 7, so please update your config. See ticket #4744 for more details.
18/12/2023 -- 16:50:41 - <Warning> - [ERRCODE: SC_ERR_CONF_YAML_ERROR(242)] - App-Layer protocol rdp enable status not set, so enabling by default. This behavior will change in Suricata 7, so please update your config. See ticket #4744 for more details.
18/12/2023 -- 16:50:41 - <Info> - Found an MTU of 1500 for 'br-32d3bb03b8fe'
18/12/2023 -- 16:50:41 - <Info> - Found an MTU of 1500 for 'br-32d3bb03b8fe'
18/12/2023 -- 16:50:41 - <Info> - Shortening device name to: br-3..b8fe
18/12/2023 -- 16:50:41 - <Info> - dropped the caps for main thread
18/12/2023 -- 16:50:41 - <Info> - fast output device (regular) initialized: fast.log
18/12/2023 -- 16:50:41 - <Info> - eve-log output device (regular) initialized: eve.json
18/12/2023 -- 16:50:41 - <Info> - stats output device (regular) initialized: stats.log
18/12/2023 -- 16:50:41 - <Info> - Running in live mode, activating unix socket
18/12/2023 -- 16:51:04 - <Info> - 1 rule files processed. 28253 rules successfully loaded, 0 rules failed
18/12/2023 -- 16:51:04 - <Info> - Threshold config parsed: 0 rule(s) found
18/12/2023 -- 16:51:05 - <Info> - 28256 signatures processed. 1231 are IP-only rules, 5153 are inspecting packet payload, 21668 inspect application layer, 108 are decoder event only
18/12/2023 -- 16:51:47 - <Info> - Going to use 4 thread(s)
18/12/2023 -- 16:51:47 - <Info> - Running in live mode, activating unix socket
18/12/2023 -- 16:51:47 - <Info> - Using unix socket file '/var/run/suricata/suricata-command.socket'
18/12/2023 -- 16:51:47 - <Notice> - all 4 packet processing threads, 4 management threads initialized, engine started.
18/12/2023 -- 16:51:47 - <Info> - All AFP capture threads are running.
18/12/2023 -- 16:52:18 - <Notice> - Signal Received.  Stopping engine.
18/12/2023 -- 16:52:18 - <Info> - time elapsed 30.922s
18/12/2023 -- 16:52:19 - <Info> - Alerts: 0
18/12/2023 -- 16:52:20 - <Info> - cleaning up signature grouping structure... complete
18/12/2023 -- 16:52:20 - <Notice> - Stats for 'br-32d3bb03b8fe':  pkts: 6860, drop: 0 (0.00%), invalid chksum: 0
